Start testing: Mar 10 04:24 W. Central Africa Standard Time
----------------------------------------------------------
1/1 Testing: dbcore_test
1/1 Test: dbcore_test
Command: "D:/charlesDevelopment/advanced_database/build/src/cpp/dbcore_test.exe"
Directory: D:/charlesDevelopment/advanced_database/build/src/cpp
"dbcore_test" start time: Mar 10 04:24 W. Central Africa Standard Time
Output:
----------------------------------------------------------
Running main() from D:\charlesDevelopment\advanced_database\build\_deps\googletest-src\googletest\src\gtest_main.cc
[==========] Running 1 test from 1 test suite.
[----------] Global test environment set-up.
[----------] 1 test from DatabaseTest
[ RUN      ] DatabaseTest.Initialization
Database initialized at: test.db
[       OK ] DatabaseTest.Initialization (2 ms)
[----------] 1 test from DatabaseTest (2 ms total)

[----------] Global test environment tear-down
[==========] 1 test from 1 test suite ran. (2 ms total)
[  PASSED  ] 1 test.
<end of output>
Test time =   1.24 sec
----------------------------------------------------------
Test Passed.
"dbcore_test" end time: Mar 10 04:24 W. Central Africa Standard Time
"dbcore_test" time elapsed: 00:00:01
----------------------------------------------------------

End testing: Mar 10 04:24 W. Central Africa Standard Time
