<?xml version="1.0" encoding="UTF-8"?>
<Site BuildName="(empty)"
	BuildStamp="20260310-0319-Experimental"
	Name="(empty)"
	Generator="ctest-4.0.3"
	CompilerName=""
	CompilerVersion=""
	OSName="Windows"
	Hostname="DESKTOP-C7GBQIE"
	OSRelease=" Professional"
	OSVersion=" (Build 21996)"
	OSPlatform="AMD64"
	Is64Bits="1"
	VendorString="GenuineIntel"
	VendorID="Intel Corporation"
	FamilyID="6"
	ModelID="14"
	ModelName=""
	ProcessorCacheSize="-1"
	NumberOfLogicalCPU="8"
	NumberOfPhysicalCPU="4"
	TotalVirtualMemory="55224"
	TotalPhysicalMemory="32696"
	LogicalProcessorsPerPhysical="2"
	ProcessorClockFrequency="2904"
	>
	<Testing>
		<StartDateTime>Mar 11 19:53 W. Central Africa Standard Time</StartDateTime>
		<StartTestTime>1773255189</StartTestTime>
		<TestList/>
		<EndDateTime>Mar 11 19:53 W. Central Africa Standard Time</EndDateTime>
		<EndTestTime>1773255189</EndTestTime>
		<ElapsedMinutes>0</ElapsedMinutes>
	</Testing>
</Site>
